nohup: ignoring input
[2023-03-14 08:25:21,086] [WARNING] [runner.py:186:fetch_hostfile] Unable to find hostfile, will proceed with training with local resources only.
[2023-03-14 08:25:21,098] [INFO] [runner.py:550:main] cmd = /project/bin/python -u -m deepspeed.launcher.launch --world_info=eyJsb2NhbGhvc3QiOiBbMF19 --master_addr=127.0.0.1 --master_port=29500 --enable_each_rank_log=None train.py --deepspeed_config deepspeedconfig.json
[2023-03-14 08:25:22,046] [INFO] [launch.py:142:main] WORLD INFO DICT: {'localhost': [0]}
[2023-03-14 08:25:22,046] [INFO] [launch.py:148:main] nnodes=1, num_local_procs=1, node_rank=0
[2023-03-14 08:25:22,046] [INFO] [launch.py:161:main] global_rank_mapping=defaultdict(<class 'list'>, {'localhost': [0]})
[2023-03-14 08:25:22,046] [INFO] [launch.py:162:main] dist_world_size=1
[2023-03-14 08:25:22,046] [INFO] [launch.py:164:main] Setting CUDA_VISIBLE_DEVICES=0
[2023-03-14 08:25:23,781] [INFO] [comm.py:657:init_distributed] Initializing TorchBackend in DeepSpeed with backend nccl
there are 1187200 images for training phase
there are 296588 images for test phase
[2023-03-14 08:25:25,190] [INFO] [logging.py:77:log_dist] [Rank 0] DeepSpeed info: version=0.8.2+4ae3a3da, git-hash=4ae3a3da, git-branch=master
[2023-03-14 08:25:25,225] [INFO] [logging.py:77:log_dist] [Rank 0] DeepSpeed Flops Profiler Enabled: False
[2023-03-14 08:25:25,225] [INFO] [logging.py:77:log_dist] [Rank 0] Removing param_group that has no 'params' in the client Optimizer
[2023-03-14 08:25:25,226] [INFO] [logging.py:77:log_dist] [Rank 0] Using client Optimizer as basic optimizer
[2023-03-14 08:25:25,226] [INFO] [logging.py:77:log_dist] [Rank 0] DeepSpeed Basic Optimizer = FusedAdam
[2023-03-14 08:25:25,226] [INFO] [logging.py:77:log_dist] [Rank 0] DeepSpeed Final Optimizer = FusedAdam
[2023-03-14 08:25:25,226] [INFO] [logging.py:77:log_dist] [Rank 0] DeepSpeed using client LR scheduler
[2023-03-14 08:25:25,226] [INFO] [logging.py:77:log_dist] [Rank 0] DeepSpeed LR Scheduler = None
[2023-03-14 08:25:25,226] [INFO] [logging.py:77:log_dist] [Rank 0] step=0, skipped=0, lr=[0.001], mom=[(0.9, 0.999)]
[2023-03-14 08:25:25,226] [INFO] [config.py:1010:print] DeepSpeedEngine configuration:
[2023-03-14 08:25:25,226] [INFO] [config.py:1014:print]   activation_checkpointing_config  {
    "partition_activations": false, 
    "contiguous_memory_optimization": false, 
    "cpu_checkpointing": false, 
    "number_checkpoints": null, 
    "synchronize_checkpoint_boundary": false, 
    "profile": false
}
[2023-03-14 08:25:25,226] [INFO] [config.py:1014:print]   aio_config ................... {'block_size': 1048576, 'queue_depth': 8, 'thread_count': 1, 'single_submit': False, 'overlap_events': True}
[2023-03-14 08:25:25,226] [INFO] [config.py:1014:print]   amp_enabled .................. False
[2023-03-14 08:25:25,226] [INFO] [config.py:1014:print]   amp_params ................... False
[2023-03-14 08:25:25,226] [INFO] [config.py:1014:print]   autotuning_config ............ {
    "enabled": false, 
    "start_step": null, 
    "end_step": null, 
    "metric_path": null, 
    "arg_mappings": null, 
    "metric": "throughput", 
    "model_info": null, 
    "results_dir": "autotuning_results", 
    "exps_dir": "autotuning_exps", 
    "overwrite": true, 
    "fast": true, 
    "start_profile_step": 3, 
    "end_profile_step": 5, 
    "tuner_type": "gridsearch", 
    "tuner_early_stopping": 5, 
    "tuner_num_trials": 50, 
    "model_info_path": null, 
    "mp_size": 1, 
    "max_train_batch_size": null, 
    "min_train_batch_size": 1, 
    "max_train_micro_batch_size_per_gpu": 1.024000e+03, 
    "min_train_micro_batch_size_per_gpu": 1, 
    "num_tuning_micro_batch_sizes": 3
}
[2023-03-14 08:25:25,226] [INFO] [config.py:1014:print]   bfloat16_enabled ............. False
[2023-03-14 08:25:25,226] [INFO] [config.py:1014:print]   checkpoint_parallel_write_pipeline  False
[2023-03-14 08:25:25,226] [INFO] [config.py:1014:print]   checkpoint_tag_validation_enabled  True
[2023-03-14 08:25:25,226] [INFO] [config.py:1014:print]   checkpoint_tag_validation_fail  False
[2023-03-14 08:25:25,227] [INFO] [config.py:1014:print]   comms_config ................. <deepspeed.comm.config.DeepSpeedCommsConfig object at 0x7f758e2bf7c0>
[2023-03-14 08:25:25,227] [INFO] [config.py:1014:print]   communication_data_type ...... None
[2023-03-14 08:25:25,227] [INFO] [config.py:1014:print]   compression_config ........... {'weight_quantization': {'shared_parameters': {'enabled': False, 'quantizer_kernel': False, 'schedule_offset': 0, 'quantize_groups': 1, 'quantize_verbose': False, 'quantization_type': 'symmetric', 'quantize_weight_in_forward': False, 'rounding': 'nearest', 'fp16_mixed_quantize': False, 'quantize_change_ratio': 0.001}, 'different_groups': {}}, 'activation_quantization': {'shared_parameters': {'enabled': False, 'quantization_type': 'symmetric', 'range_calibration': 'dynamic', 'schedule_offset': 1000}, 'different_groups': {}}, 'sparse_pruning': {'shared_parameters': {'enabled': False, 'method': 'l1', 'schedule_offset': 1000}, 'different_groups': {}}, 'row_pruning': {'shared_parameters': {'enabled': False, 'method': 'l1', 'schedule_offset': 1000}, 'different_groups': {}}, 'head_pruning': {'shared_parameters': {'enabled': False, 'method': 'topk', 'schedule_offset': 1000}, 'different_groups': {}}, 'channel_pruning': {'shared_parameters': {'enabled': False, 'method': 'l1', 'schedule_offset': 1000}, 'different_groups': {}}, 'layer_reduction': {'enabled': False}}
[2023-03-14 08:25:25,227] [INFO] [config.py:1014:print]   curriculum_enabled_legacy .... False
[2023-03-14 08:25:25,227] [INFO] [config.py:1014:print]   curriculum_params_legacy ..... False
[2023-03-14 08:25:25,227] [INFO] [config.py:1014:print]   data_efficiency_config ....... {'enabled': False, 'seed': 1234, 'data_sampling': {'enabled': False, 'num_epochs': 1000, 'num_workers': 0, 'curriculum_learning': {'enabled': False}}, 'data_routing': {'enabled': False, 'random_ltd': {'enabled': False, 'layer_token_lr_schedule': {'enabled': False}}}}
[2023-03-14 08:25:25,227] [INFO] [config.py:1014:print]   data_efficiency_enabled ...... False
[2023-03-14 08:25:25,227] [INFO] [config.py:1014:print]   dataloader_drop_last ......... False
[2023-03-14 08:25:25,227] [INFO] [config.py:1014:print]   disable_allgather ............ False
[2023-03-14 08:25:25,227] [INFO] [config.py:1014:print]   dump_state ................... False
[2023-03-14 08:25:25,227] [INFO] [config.py:1014:print]   dynamic_loss_scale_args ...... None
[2023-03-14 08:25:25,227] [INFO] [config.py:1014:print]   eigenvalue_enabled ........... False
[2023-03-14 08:25:25,227] [INFO] [config.py:1014:print]   eigenvalue_gas_boundary_resolution  1
[2023-03-14 08:25:25,227] [INFO] [config.py:1014:print]   eigenvalue_layer_name ........ bert.encoder.layer
[2023-03-14 08:25:25,227] [INFO] [config.py:1014:print]   eigenvalue_layer_num ......... 0
[2023-03-14 08:25:25,227] [INFO] [config.py:1014:print]   eigenvalue_max_iter .......... 100
[2023-03-14 08:25:25,227] [INFO] [config.py:1014:print]   eigenvalue_stability ......... 1e-06
[2023-03-14 08:25:25,227] [INFO] [config.py:1014:print]   eigenvalue_tol ............... 0.01
[2023-03-14 08:25:25,227] [INFO] [config.py:1014:print]   eigenvalue_verbose ........... False
[2023-03-14 08:25:25,227] [INFO] [config.py:1014:print]   elasticity_enabled ........... False
[2023-03-14 08:25:25,227] [INFO] [config.py:1014:print]   flops_profiler_config ........ {
    "enabled": false, 
    "profile_step": 1, 
    "module_depth": -1, 
    "top_modules": 1, 
    "detailed": true, 
    "output_file": null
}
[2023-03-14 08:25:25,227] [INFO] [config.py:1014:print]   fp16_auto_cast ............... None
[2023-03-14 08:25:25,227] [INFO] [config.py:1014:print]   fp16_enabled ................. False
[2023-03-14 08:25:25,227] [INFO] [config.py:1014:print]   fp16_master_weights_and_gradients  False
[2023-03-14 08:25:25,227] [INFO] [config.py:1014:print]   global_rank .................. 0
[2023-03-14 08:25:25,227] [INFO] [config.py:1014:print]   grad_accum_dtype ............. None
[2023-03-14 08:25:25,227] [INFO] [config.py:1014:print]   gradient_accumulation_steps .. 2
[2023-03-14 08:25:25,227] [INFO] [config.py:1014:print]   gradient_clipping ............ 0.0
[2023-03-14 08:25:25,227] [INFO] [config.py:1014:print]   gradient_predivide_factor .... 1.0
[2023-03-14 08:25:25,227] [INFO] [config.py:1014:print]   initial_dynamic_scale ........ 65536
[2023-03-14 08:25:25,227] [INFO] [config.py:1014:print]   load_universal_checkpoint .... False
[2023-03-14 08:25:25,227] [INFO] [config.py:1014:print]   loss_scale ................... 0
[2023-03-14 08:25:25,227] [INFO] [config.py:1014:print]   memory_breakdown ............. False
[2023-03-14 08:25:25,227] [INFO] [config.py:1014:print]   monitor_config ............... tensorboard=TensorBoardConfig(enabled=False, output_path='', job_name='DeepSpeedJobName') wandb=WandbConfig(enabled=False, group=None, team=None, project='deepspeed') csv_monitor=CSVConfig(enabled=False, output_path='', job_name='DeepSpeedJobName') enabled=False
[2023-03-14 08:25:25,227] [INFO] [config.py:1014:print]   nebula_config ................ {
    "enabled": false, 
    "persistent_storage_path": null, 
    "persistent_time_interval": 100, 
    "num_of_version_in_retention": 2, 
    "enable_nebula_load": true, 
    "load_path": null
}
[2023-03-14 08:25:25,227] [INFO] [config.py:1014:print]   optimizer_legacy_fusion ...... False
[2023-03-14 08:25:25,227] [INFO] [config.py:1014:print]   optimizer_name ............... adam
[2023-03-14 08:25:25,227] [INFO] [config.py:1014:print]   optimizer_params ............. {'lr': 0.001}
[2023-03-14 08:25:25,227] [INFO] [config.py:1014:print]   pipeline ..................... {'stages': 'auto', 'partition': 'best', 'seed_layers': False, 'activation_checkpoint_interval': 0}
[2023-03-14 08:25:25,227] [INFO] [config.py:1014:print]   pld_enabled .................. False
[2023-03-14 08:25:25,227] [INFO] [config.py:1014:print]   pld_params ................... False
[2023-03-14 08:25:25,227] [INFO] [config.py:1014:print]   prescale_gradients ........... False
[2023-03-14 08:25:25,227] [INFO] [config.py:1014:print]   scheduler_name ............... None
[2023-03-14 08:25:25,227] [INFO] [config.py:1014:print]   scheduler_params ............. None
[2023-03-14 08:25:25,227] [INFO] [config.py:1014:print]   sparse_attention ............. None
[2023-03-14 08:25:25,227] [INFO] [config.py:1014:print]   sparse_gradients_enabled ..... False
[2023-03-14 08:25:25,228] [INFO] [config.py:1014:print]   steps_per_print .............. 1
[2023-03-14 08:25:25,228] [INFO] [config.py:1014:print]   train_batch_size ............. 40
[2023-03-14 08:25:25,228] [INFO] [config.py:1014:print]   train_micro_batch_size_per_gpu  20
[2023-03-14 08:25:25,228] [INFO] [config.py:1014:print]   use_node_local_storage ....... False
[2023-03-14 08:25:25,228] [INFO] [config.py:1014:print]   wall_clock_breakdown ......... False
[2023-03-14 08:25:25,228] [INFO] [config.py:1014:print]   world_size ................... 1
[2023-03-14 08:25:25,228] [INFO] [config.py:1014:print]   zero_allow_untested_optimizer  False
[2023-03-14 08:25:25,228] [INFO] [config.py:1014:print]   zero_config .................. stage=0 contiguous_gradients=True reduce_scatter=True reduce_bucket_size=500,000,000 allgather_partitions=True allgather_bucket_size=500,000,000 overlap_comm=False load_from_fp32_weights=True elastic_checkpoint=False offload_param=None offload_optimizer=None sub_group_size=1,000,000,000 cpu_offload_param=None cpu_offload_use_pin_memory=None cpu_offload=None prefetch_bucket_size=50,000,000 param_persistence_threshold=100,000 model_persistence_threshold=sys.maxsize max_live_parameters=1,000,000,000 max_reuse_distance=1,000,000,000 gather_16bit_weights_on_model_save=False stage3_gather_fp16_weights_on_model_save=False ignore_unused_parameters=True legacy_stage1=False round_robin_gradients=False
[2023-03-14 08:25:25,228] [INFO] [config.py:1014:print]   zero_enabled ................. False
[2023-03-14 08:25:25,228] [INFO] [config.py:1014:print]   zero_optimization_stage ...... 0
[2023-03-14 08:25:25,228] [INFO] [config.py:999:print_user_config]   json = {
    "train_batch_size": 40, 
    "train_micro_batch_size_per_gpu": 20, 
    "gradient_accumulation_steps": 2, 
    "max_epochs": 20, 
    "steps_per_print": 1, 
    "optimizer": {
        "type": "Adam", 
        "params": {
            "lr": 0.001
        }
    }
}
Using /root/.cache/torch_extensions/py39_cu117 as PyTorch extensions root...
Emitting ninja build file /root/.cache/torch_extensions/py39_cu117/utils/build.ninja...
Building extension module utils...
Allowing ninja to set a default number of workers... (overridable by setting the environment variable MAX_JOBS=N)
ninja: no work to do.
Loading extension module utils...
Time to load utils op: 0.17480039596557617 seconds
=> loaded checkpoint (epoch 1, iteration 17310)
[2023-03-14 08:25:33,068] [INFO] [launch.py:318:sigkill_handler] Killing subprocess 1353652
[2023-03-14 08:25:33,069] [ERROR] [launch.py:324:sigkill_handler] ['/project/bin/python', '-u', 'train.py', '--local_rank=0', '--deepspeed_config', 'deepspeedconfig.json'] exits with return code = -9
